Added Component: Designator=C14(CAPACITOR 0603 REFLOW)
Add component. Clean all parameters for all variants
Add component (AddParameter): Name = "Value"; Value = "100pF"; VariantName = "[No Variations]"
Added Component: Designator=R9(RESISTOR 0603 REFLOW)
Add component. Clean all parameters for all variants
Add component (AddParameter): Name = "Value"; Value = "2.2k"; VariantName = "[No Variations]"
Added Component: Designator=S?(Push Button KSS241GLFS C&K)
Add component. Clean all parameters for all variants
Add component (AddParameter): Name = "Value"; Value = ""; VariantName = "[No Variations]"
Added Pin To Net: NetName=VSS Pin=C14-1
Added Pin To Net: NetName=VDD Pin=R9-2
Added Pin To Net: NetName=VSS Pin=S?-1
Added Pin To Net: NetName=Net*_8 Pin=*-8
Added Pin To Net: NetName=Net*_8 Pin=C14-2
Added Pin To Net: NetName=Net*_8 Pin=R9-1
Added Pin To Net: NetName=Net*_8 Pin=S?-2
Added Net: Name=Net*_8
Added Member To Class: ClassName=ELN1project Member=Component C14 100pF
Added Member To Class: ClassName=ELN1project Member=Component R9 2.2k
Added Member To Class: ClassName=ELN1project Member=Component S? *
