Removed Pin From Net: NetName=GND Pin=*-19
Removed Pin From Net: NetName=GND Pin=C3-2
Removed Pin From Net: NetName=GND Pin=C4-1
Removed Pin From Net: NetName=Net*_1 Pin=C4-2
Removed Pin From Net: NetName=GND Pin=C5-1
Removed Pin From Net: NetName=Net*_30 Pin=C13-1
Removed Pin From Net: NetName=GND Pin=C13-2
Removed Pin From Net: NetName=Net*_30 Pin=L3-1
Removed Member From Class: ClassName=ELN1project Member=L2
Removed Member From Class: ClassName=ELN1project Member=L3
Change Component Footprint: Designator=C13 Old Footprint=CAPACITOR 1608 REFLOW New Footprint=CAPACITOR 0603 REFLOW
Change Component Comment : Designator=C13 Old Comment= New Comment=20n
Change component parameters: Designator = "C13"; Footprint = "CAPACITOR 0603 REFLOW"; UniqueID = "\EIQQEQDT"
Change component parameters. Clean all parameters for all variants
Change component parameters (AddParameter): Name = "Value"; Value = "20n"; VariantName = "[No Variations]"
Added Component: Designator=J1(PinHeader1x2 P1.27)
Add component. Clean all parameters for all variants
Add component (AddParameter): Name = "Value"; Value = ""; VariantName = "[No Variations]"
Added Component: Designator=R1(RESISTOR 0603 REFLOW)
Add component. Clean all parameters for all variants
Add component (AddParameter): Name = "Value"; Value = "500k"; VariantName = "[No Variations]"
Added Component: Designator=R2(RESISTOR 0603 REFLOW)
Add component. Clean all parameters for all variants
Add component (AddParameter): Name = "Value"; Value = "500k"; VariantName = "[No Variations]"
Added Component: Designator=R3(RESISTOR 0603 REFLOW)
Add component. Clean all parameters for all variants
Add component (AddParameter): Name = "Value"; Value = "10k"; VariantName = "[No Variations]"
Added Component: Designator=R4(RESISTOR 0603 REFLOW)
Add component. Clean all parameters for all variants
Add component (AddParameter): Name = "Value"; Value = "200k"; VariantName = "[No Variations]"
Added Component: Designator=R5(RESISTOR 0603 REFLOW)
Add component. Clean all parameters for all variants
Add component (AddParameter): Name = "Value"; Value = "100k"; VariantName = "[No Variations]"
Added Component: Designator=R6(RESISTOR 0603 REFLOW)
Add component. Clean all parameters for all variants
Add component (AddParameter): Name = "Value"; Value = "200k"; VariantName = "[No Variations]"
Added Component: Designator=R7(RESISTOR 0603 REFLOW)
Add component. Clean all parameters for all variants
Add component (AddParameter): Name = "Value"; Value = "1M"; VariantName = "[No Variations]"
Added Component: Designator=RV1(ISL21080)
Add component. Clean all parameters for all variants
Added Component: Designator=T1(SOT23 P0.95 C1.6x3.0 H1.3)
Add component. Clean all parameters for all variants
Add component (AddParameter): Name = "Value"; Value = ""; VariantName = "[No Variations]"
Added Component: Designator=U1(MSOP8 P0.65 C3.0X3.0 H1.1)
Add component. Clean all parameters for all variants
Add component (AddParameter): Name = "Value"; Value = ""; VariantName = "[No Variations]"
Added Pin To Net: NetName=GND Pin=*-20
Added Pin To Net: NetName=GND Pin=C3-1
Added Pin To Net: NetName=Net*_1 Pin=C4-1
Added Pin To Net: NetName=GND Pin=C4-2
Added Pin To Net: NetName=GND Pin=C5-2
Added Pin To Net: NetName=GND Pin=RV1-2
Added Pin To Net: NetName=GND Pin=U1-4
Change Net Name : Old Net Name=GND New Net Name=VSS
Added Pin To Net: NetName=GND Pin=*-28
Added Pin To Net: NetName=GND Pin=J1-1
Added Pin To Net: NetName=GND Pin=R2-1
Added Pin To Net: NetName=GND Pin=RV1-3
Added Pin To Net: NetName=GND Pin=U1-3
Added Pin To Net: NetName=GND Pin=U1-5
Added Net: Name=GND
Added Pin To Net: NetName=Net*_5 Pin=*-5
Added Pin To Net: NetName=Net*_5 Pin=R4-2
Added Pin To Net: NetName=Net*_5 Pin=U1-7
Added Net: Name=Net*_5
Added Pin To Net: NetName=Net*_19 Pin=*-19
Added Pin To Net: NetName=Net*_19 Pin=C3-2
Added Pin To Net: NetName=Net*_19 Pin=L1-1
Added Net: Name=Net*_19
Added Pin To Net: NetName=NetC13_2 Pin=C13-2
Added Pin To Net: NetName=NetC13_2 Pin=R1-1
Added Pin To Net: NetName=NetC13_2 Pin=R2-2
Added Net: Name=NetC13_2
Added Pin To Net: NetName=NetJ1_2 Pin=J1-2
Added Pin To Net: NetName=NetJ1_2 Pin=R3-2
Added Pin To Net: NetName=NetJ1_2 Pin=R6-1
Added Net: Name=NetJ1_2
Added Pin To Net: NetName=NetR1_2 Pin=R1-2
Added Pin To Net: NetName=NetR1_2 Pin=R5-1
Added Pin To Net: NetName=NetR1_2 Pin=U1-2
Added Net: Name=NetR1_2
Added Pin To Net: NetName=NetR4_1 Pin=R4-1
Added Pin To Net: NetName=NetR4_1 Pin=R6-2
Added Pin To Net: NetName=NetR4_1 Pin=U1-6
Added Net: Name=NetR4_1
Added Pin To Net: NetName=NetR7_1 Pin=R7-1
Added Pin To Net: NetName=NetR7_1 Pin=T1-2
Added Net: Name=NetR7_1
Added Pin To Net: NetName=OutAmp1 Pin=*-4
Added Pin To Net: NetName=OutAmp1 Pin=R3-1
Added Pin To Net: NetName=OutAmp1 Pin=R5-2
Added Pin To Net: NetName=OutAmp1 Pin=U1-1
Added Net: Name=OutAmp1
Added Pin To Net: NetName=VDD_M Pin=RV1-1
Added Pin To Net: NetName=VDD_M Pin=T1-3
Added Pin To Net: NetName=VDD_M Pin=U1-8
Added Net: Name=VDD_M
Added Pin To Net: NetName=VDD Pin=*-9
Added Pin To Net: NetName=VDD Pin=*-26
Added Pin To Net: NetName=VDD Pin=*-32
Added Pin To Net: NetName=VDD Pin=C5-1
Added Pin To Net: NetName=VDD Pin=C9-2
Added Pin To Net: NetName=VDD Pin=R7-2
Added Pin To Net: NetName=VDD Pin=T1-1
Added Net: Name=VDD
Added Pin To Net: NetName=VinSquare Pin=*-6
Added Pin To Net: NetName=VinSquare Pin=C13-1
Added Net: Name=VinSquare
Added Member To Class: ClassName=ELN1project Member=Component J1 *
Added Member To Class: ClassName=ELN1project Member=Component R1 500k
Added Member To Class: ClassName=ELN1project Member=Component R2 500k
Added Member To Class: ClassName=ELN1project Member=Component R3 10k
Added Member To Class: ClassName=ELN1project Member=Component R4 200k
Added Member To Class: ClassName=ELN1project Member=Component R5 100k
Added Member To Class: ClassName=ELN1project Member=Component R6 200k
Added Member To Class: ClassName=ELN1project Member=Component R7 1M
Added Member To Class: ClassName=ELN1project Member=Component RV1 VoltageReference
Added Member To Class: ClassName=ELN1project Member=Component T1 *
Added Member To Class: ClassName=ELN1project Member=Component U1 *
